<?xml version="1.0" encoding="utf-8"?><testsuites name="pytest tests"><testsuite name="pytest" errors="0" failures="0" skipped="0" tests="7" time="1.629" timestamp="2026-07-31T17:19:51.704456+00:00" hostname="agent-env-86b29199-c0fb-40f8-b0f2-eb49c9ac1f1f"><testcase classname="tests.test_videos.TestVideos" name="test_get_videos_public" time="0.288" /><testcase classname="tests.test_videos.TestVideos" name="test_post_videos_requires_auth" time="0.131" /><testcase classname="tests.test_videos.TestVideos" name="test_post_invalid_url" time="0.426" /><testcase classname="tests.test_videos.TestVideos" name="test_post_valid_youtube_shortlink" time="0.421" /><testcase classname="tests.test_videos.TestVideos" name="test_delete_requires_auth" time="0.100" /><testcase classname="tests.test_videos.TestAboutRelated" name="test_history_endpoint_still_works" time="0.110" /><testcase classname="tests.test_videos.TestAboutRelated" name="test_club_info" time="0.104" /></testsuite></testsuites>