<?xml version="1.0" encoding="utf-8"?><testsuites name="pytest tests"><testsuite name="pytest" errors="0" failures="0" skipped="0" tests="9" time="1.832" timestamp="2026-07-31T17:28:03.859183+00:00" hostname="agent-env-86b29199-c0fb-40f8-b0f2-eb49c9ac1f1f"><testcase classname="tests.test_posters.TestPostersPublic" name="test_get_posters_public" time="0.459" /><testcase classname="tests.test_posters.TestPostersCRUD" name="test_create_poster" time="0.827" /><testcase classname="tests.test_posters.TestPostersPublic" name="test_get_posters_sorted_asc" time="0.368" /><testcase classname="tests.test_posters.TestPostersCRUD" name="test_created_appears_in_upcoming" time="0.140" /><testcase classname="tests.test_posters.TestPostersPublic" name="test_upcoming_filters_out_past" time="0.106" /><testcase classname="tests.test_posters.TestPostersAuth" name="test_create_requires_auth" time="0.109" /><testcase classname="tests.test_posters.TestPostersCRUD" name="test_delete_soft_deletes" time="0.287" /><testcase classname="tests.test_posters.TestPostersAuth" name="test_delete_requires_auth" time="0.117" /><testcase classname="tests.test_posters.TestPostersCRUD" name="test_delete_nonexistent_returns_404" time="0.099" /></testsuite></testsuites>