<?xml version="1.0" encoding="utf-8"?><testsuites name="pytest tests"><testsuite name="pytest" errors="0" failures="0" skipped="0" tests="6" time="1.603" timestamp="2026-07-31T17:40:50.898986+00:00" hostname="agent-env-86b29199-c0fb-40f8-b0f2-eb49c9ac1f1f"><testcase classname="tests.test_team_farewell.TestFarewellPatch" name="test_patch_requires_auth" time="0.172" /><testcase classname="tests.test_team_farewell.TestTeamCreateWithFarewell" name="test_post_team_with_farewell" time="0.783" /><testcase classname="tests.test_team_farewell.TestFarewellPatch" name="test_patch_not_found" time="0.628" /><testcase classname="tests.test_team_farewell.TestTeamCreateWithFarewell" name="test_cleanup_delete" time="0.113" /><testcase classname="tests.test_team_farewell.TestFarewellPatch" name="test_patch_updates_both_fields" time="0.231" /><testcase classname="tests.test_team_farewell.TestFarewellPatch" name="test_get_team_has_farewell_fields" time="0.115" /></testsuite></testsuites>