<?xml version="1.0" encoding="utf-8"?><testsuites name="pytest tests"><testsuite name="pytest" errors="0" failures="0" skipped="0" tests="22" time="8.413" timestamp="2026-07-31T17:54:47.126081+00:00" hostname="agent-env-86b29199-c0fb-40f8-b0f2-eb49c9ac1f1f"><testcase classname="tests.test_rbac.TestAdminCRUD" name="test_list_admins_requires_auth" time="0.477" /><testcase classname="tests.test_rbac.TestPasswordChange" name="test_setup_create_admin" time="1.034" /><testcase classname="tests.test_rbac.TestPasswordChange" name="test_change_password_requires_auth" time="0.154" /><testcase classname="tests.test_rbac.TestAdminCRUD" name="test_list_admins_as_master" time="0.665" /><testcase classname="tests.test_rbac.TestAdminCRUD" name="test_create_admin_rejects_short_password" time="0.111" /><testcase classname="tests.test_rbac.TestPasswordChange" name="test_change_password_wrong_old" time="0.846" /><testcase classname="tests.test_rbac.TestAdminCRUD" name="test_create_admin_success" time="0.529" /><testcase classname="tests.test_rbac.TestAdminCRUD" name="test_create_admin_duplicate" time="0.249" /><testcase classname="tests.test_rbac.TestPasswordChange" name="test_change_password_short_new" time="0.584" /><testcase classname="tests.test_rbac.TestAdminCRUD" name="test_non_master_forbidden" time="1.014" /><testcase classname="tests.test_rbac.TestPasswordChange" name="test_change_password_success_and_invalidates_other_sessions" time="2.072" /><testcase classname="tests.test_rbac.TestAdminCRUD" name="test_master_cannot_delete_self" time="0.785" /><testcase classname="tests.test_rbac.TestAdminCRUD" name="test_delete_unknown_returns_404" time="0.153" /><testcase classname="tests.test_rbac.TestAdminCRUD" name="test_delete_admin_success" time="0.376" /><testcase classname="tests.test_rbac.TestAuthRole" name="test_login_returns_role" time="0.577" /><testcase classname="tests.test_rbac.TestPasswordChange" name="test_cleanup" time="0.253" /><testcase classname="tests.test_rbac.TestAuthRole" name="test_me_returns_role" time="0.104" /><testcase classname="tests.test_rbac.TestTransferMaster" name="test_setup_create_target" time="0.331" /><testcase classname="tests.test_rbac.TestTransferMaster" name="test_non_master_forbidden" time="0.452" /><testcase classname="tests.test_rbac.TestTransferMaster" name="test_wrong_master_password" time="0.322" /><testcase classname="tests.test_rbac.TestTransferMaster" name="test_transfer_and_verify" time="1.415" /><testcase classname="tests.test_rbac.TestTransferMaster" name="test_cleanup" time="0.448" /></testsuite></testsuites>