<?xml version="1.0" encoding="utf-8"?><testsuites name="pytest tests"><testsuite name="pytest" errors="0" failures="0" skipped="0" tests="19" time="2.532" timestamp="2026-07-31T17:00:59.579889+00:00" hostname="agent-env-86b29199-c0fb-40f8-b0f2-eb49c9ac1f1f"><testcase classname="tests.test_auth_and_public.TestPublicEndpoints" name="test_public_get[/settings]" time="0.253" /><testcase classname="tests.test_auth_and_public.TestAuth" name="test_login_success" time="0.521" /><testcase classname="tests.test_auth_and_public.TestPublicEndpoints" name="test_public_get[/club-info]" time="0.271" /><testcase classname="tests.test_auth_and_public.TestAuth" name="test_login_wrong_password" time="0.271" /><testcase classname="tests.test_auth_and_public.TestPublicEndpoints" name="test_public_get[/history]" time="0.271" /><testcase classname="tests.test_auth_and_public.TestAuth" name="test_login_unknown_email" time="0.050" /><testcase classname="tests.test_auth_and_public.TestPublicEndpoints" name="test_public_get[/gallery]" time="0.092" /><testcase classname="tests.test_auth_and_public.TestAuth" name="test_login_case_insensitive_email" time="0.292" /><testcase classname="tests.test_auth_and_public.TestPublicEndpoints" name="test_public_get[/packages]" time="0.251" /><testcase classname="tests.test_auth_and_public.TestPublicEndpoints" name="test_public_get[/achievements]" time="0.311" /><testcase classname="tests.test_auth_and_public.TestAuth" name="test_auth_me_with_token" time="0.332" /><testcase classname="tests.test_auth_and_public.TestPublicEndpoints" name="test_public_get[/team]" time="0.098" /><testcase classname="tests.test_auth_and_public.TestAuth" name="test_auth_me_without_token" time="0.141" /><testcase classname="tests.test_auth_and_public.TestPublicEndpoints" name="test_public_get[/instagram-posts]" time="0.111" /><testcase classname="tests.test_auth_and_public.TestAuth" name="test_auth_me_invalid_token" time="0.147" /><testcase classname="tests.test_auth_and_public.TestPublicEndpoints" name="test_public_get[/hero-images]" time="0.167" /><testcase classname="tests.test_auth_and_public.TestProtected" name="test_requires_auth[/enquiries]" time="0.099" /><testcase classname="tests.test_auth_and_public.TestProtected" name="test_requires_auth[/join-us]" time="0.105" /><testcase classname="tests.test_auth_and_public.TestProtected" name="test_enquiries_with_token" time="0.107" /></testsuite></testsuites>