<?xml version="1.0" encoding="utf-8"?><testsuites name="pytest tests"><testsuite name="pytest" errors="0" failures="0" skipped="0" tests="21" time="3.326" timestamp="2026-07-31T17:09:31.687076+00:00" hostname="agent-env-86b29199-c0fb-40f8-b0f2-eb49c9ac1f1f"><testcase classname="tests.test_auth_and_public.TestAuth" name="test_login_success" time="0.502" /><testcase classname="tests.test_auth_and_public.TestPublicEndpoints" name="test_public_get[/settings]" time="0.260" /><testcase classname="tests.test_auth_and_public.TestPublicEndpoints" name="test_public_get[/club-info]" time="0.241" /><testcase classname="tests.test_auth_and_public.TestAuth" name="test_login_wrong_password" time="0.270" /><testcase classname="tests.test_auth_and_public.TestPublicEndpoints" name="test_public_get[/history]" time="0.274" /><testcase classname="tests.test_auth_and_public.TestAuth" name="test_login_unknown_email" time="0.048" /><testcase classname="tests.test_auth_and_public.TestPublicEndpoints" name="test_public_get[/gallery]" time="0.343" /><testcase classname="tests.test_auth_and_public.TestAuth" name="test_login_case_insensitive_email" time="0.272" /><testcase classname="tests.test_auth_and_public.TestPublicEndpoints" name="test_public_get[/packages]" time="0.116" /><testcase classname="tests.test_auth_and_public.TestPublicEndpoints" name="test_public_get[/achievements]" time="0.244" /><testcase classname="tests.test_auth_and_public.TestAuth" name="test_auth_me_with_token" time="0.438" /><testcase classname="tests.test_auth_and_public.TestPublicEndpoints" name="test_public_get[/team]" time="0.117" /><testcase classname="tests.test_auth_and_public.TestAuth" name="test_auth_me_without_token" time="0.150" /><testcase classname="tests.test_auth_and_public.TestPublicEndpoints" name="test_public_get[/instagram-posts]" time="0.149" /><testcase classname="tests.test_auth_and_public.TestAuth" name="test_auth_me_invalid_token" time="0.097" /><testcase classname="tests.test_auth_and_public.TestPublicEndpoints" name="test_public_get[/hero-images]" time="0.116" /><testcase classname="tests.test_auth_and_public.TestProtected" name="test_requires_auth[/enquiries]" time="0.150" /><testcase classname="tests.test_club_info_crud" name="test_put_requires_auth" time="0.105" /><testcase classname="tests.test_auth_and_public.TestProtected" name="test_requires_auth[/join-us]" time="0.113" /><testcase classname="tests.test_auth_and_public.TestProtected" name="test_enquiries_with_token" time="0.279" /><testcase classname="tests.test_club_info_crud" name="test_put_and_persist" time="0.898" /></testsuite></testsuites>